#
# A fatal error has been detected by the Java Runtime Environment:
#
#  EXCEPTION_ACCESS_VIOLATION (0xc0000005) at pc=0x00000000717c8845, pid=14224, tid=1140
#
# JRE version: Java(TM) SE Runtime Environment (8.0_60-b27) (build 1.8.0_60-b27)
# Java VM: Java HotSpot(TM) 64-Bit Server VM (25.60-b23 mixed mode windows-amd64 compressed oops)
# Problematic frame:
# V  [jvm.dll+0x128845]
#
# Failed to write core dump. Minidumps are not enabled by default on client versions of Windows
#
# If you would like to submit a bug report, please visit:
#   http://bugreport.java.com/bugreport/crash.jsp
#

---------------  T H R E A D  ---------------

Current thread (0x0000000017803800):  JavaThread "JDWP Transport Listener: dt_socket" daemon [_thread_in_vm, id=1140, stack(0x0000000018e50000,0x0000000018f50000)]

siginfo: ExceptionCode=0xc0000005, reading address 0xffffffffffffffff

Registers:
RAX=0x0000000018f4f901, RBX=0x0000000017803800, RCX=0x646e756f422f7972, RDX=0x0000000000000000
RSP=0x0000000018f4f9a0, RBP=0x646e756f422f7972, RSI=0x0000000018f4fab8, RDI=0x00000000029f8a60
R8 =0x0000000017803800, R9 =0x0000000000000000, R10=0x0000000000000000, R11=0x0000000000000064
R12=0x0000000000000000, R13=0x00000000178109d8, R14=0x0000000000000000, R15=0x0000000000000000
RIP=0x00000000717c8845, EFLAGS=0x0000000000010206

Top of Stack: (sp=0x0000000018f4f9a0)
0x0000000018f4f9a0:   0000000017803800 000000001a393610
0x0000000018f4f9b0:   0000000018f4fa68 00000000719ce18b
0x0000000018f4f9c0:   0000000017803800 00000000719ea9ed
0x0000000018f4f9d0:   0000000000000000 0000000071679155
0x0000000018f4f9e0:   000000001a0e1e60 000000007168291e
0x0000000018f4f9f0:   0000000017803800 0000000000000000
0x0000000018f4fa00:   0000000000000000 0000000000000000
0x0000000018f4fa10:   646e756f422f7972 0000000071681a15
0x0000000018f4fa20:   0000000018f4fab8 0000000018f4fa90
0x0000000018f4fa30:   0000000000000001 000000001a0e1e60
0x0000000018f4fa40:   646e756f422f7972 00000000716653b3
0x0000000018f4fa50:   0000000018f4fb80 0000000000000001
0x0000000018f4fa60:   0000000000000001 000000001a0e1e60
0x0000000018f4fa70:   00000000f0001008 0000000000000000
0x0000000018f4fa80:   0000000000000000 0000000000000000
0x0000000018f4fa90:   0000000000000001 0000000071665571 

Instructions: (pc=0x00000000717c8845)
0x00000000717c8825:   cc cc cc cc cc cc cc cc cc cc cc 48 83 ec 28 48
0x00000000717c8835:   85 c9 75 07 33 c0 48 83 c4 28 c3 48 89 5c 24 20
0x00000000717c8845:   48 8b 19 48 85 db 74 20 48 83 fb 37 74 1a 48 8b
0x00000000717c8855:   13 48 8b cb ff 52 10 84 c0 74 0d 48 8b c3 48 8b 


Register to memory mapping:

RAX=0x0000000018f4f901 is pointing into the stack for thread: 0x0000000017803800
RBX=0x0000000017803800 is a thread
RCX=0x646e756f422f7972 is an unknown value
RDX=0x0000000000000000 is an unknown value
RSP=0x0000000018f4f9a0 is pointing into the stack for thread: 0x0000000017803800
RBP=0x646e756f422f7972 is an unknown value
RSI=0x0000000018f4fab8 is pointing into the stack for thread: 0x0000000017803800
RDI=0x00000000029f8a60 is an unknown value
R8 =0x0000000017803800 is a thread
R9 =0x0000000000000000 is an unknown value
R10=0x0000000000000000 is an unknown value
R11=0x0000000000000064 is an unknown value
R12=0x0000000000000000 is an unknown value
R13=0x00000000178109d8 is an unknown value
R14=0x0000000000000000 is an unknown value
R15=0x0000000000000000 is an unknown value


Stack: [0x0000000018e50000,0x0000000018f50000],  sp=0x0000000018f4f9a0,  free space=1022k
Native frames: (J=compiled Java code, j=interpreted, Vv=VM code, C=native code)
V  [jvm.dll+0x128845]
V  [jvm.dll+0x34a9ed]
C  [jdwp.dll+0x21a15]
C  [jdwp.dll+0x53b3]
C  [jdwp.dll+0x5571]
C  [jdwp.dll+0xf0a8]
C  [jdwp.dll+0x1f2d5]
C  [jdwp.dll+0x1f4aa]
V  [jvm.dll+0x1bb8e8]
V  [jvm.dll+0x243134]
V  [jvm.dll+0x299f6a]
C  [msvcr100.dll+0x21d9f]
C  [msvcr100.dll+0x21e3b]
C  [KERNEL32.DLL+0x12d92]
C  [ntdll.dll+0x9f64]


---------------  P R O C E S S  ---------------

Java Threads: ( => current thread )
  0x000000001a030800 JavaThread "Prism Font Disposer" daemon [_thread_blocked, id=13412, stack(0x0000000022010000,0x0000000022110000)]
  0x0000000019f25800 JavaThread "Thread-3" daemon [_thread_in_native, id=9608, stack(0x000000001edc0000,0x000000001eec0000)]
  0x0000000019f30000 JavaThread "JavaFX-Launcher" [_thread_blocked, id=12244, stack(0x000000001f320000,0x000000001f420000)]
  0x0000000019e1a000 JavaThread "JavaFX Application Thread" [_thread_blocked, id=14108, stack(0x000000001aac0000,0x000000001abc0000)]
  0x0000000019e14000 JavaThread "Thread-1" daemon [_thread_blocked, id=11876, stack(0x000000001a9c0000,0x000000001aac0000)]
  0x0000000019bc4800 JavaThread "QuantumRenderer-0" daemon [_thread_blocked, id=8244, stack(0x000000001a5f0000,0x000000001a6f0000)]
  0x000000001785e800 JavaThread "Service Thread" daemon [_thread_blocked, id=8384, stack(0x0000000019bf0000,0x0000000019cf0000)]
  0x000000001782d800 JavaThread "C1 CompilerThread2" daemon [_thread_blocked, id=12196, stack(0x00000000196f0000,0x00000000197f0000)]
  0x000000001782a000 JavaThread "C2 CompilerThread1" daemon [_thread_blocked, id=11156, stack(0x00000000195f0000,0x00000000196f0000)]
  0x0000000017825000 JavaThread "C2 CompilerThread0" daemon [_thread_blocked, id=5472, stack(0x00000000194f0000,0x00000000195f0000)]
  0x0000000017819800 JavaThread "JDWP Command Reader" daemon [_thread_in_native, id=14028, stack(0x00000000193f0000,0x00000000194f0000)]
  0x0000000017814800 JavaThread "JDWP Event Helper Thread" daemon [_thread_blocked, id=6660, stack(0x00000000192f0000,0x00000000193f0000)]
=>0x0000000017803800 JavaThread "JDWP Transport Listener: dt_socket" daemon [_thread_in_vm, id=1140, stack(0x0000000018e50000,0x0000000018f50000)]
  0x00000000177fc800 JavaThread "Attach Listener" daemon [_thread_blocked, id=8896, stack(0x0000000018d40000,0x0000000018e40000)]
  0x00000000177fb800 JavaThread "Signal Dispatcher" daemon [_thread_blocked, id=14012, stack(0x0000000018c40000,0x0000000018d40000)]
  0x0000000002bf7000 JavaThread "Finalizer" daemon [_thread_blocked, id=9200, stack(0x0000000018a50000,0x0000000018b50000)]
  0x0000000002bee000 JavaThread "Reference Handler" daemon [_thread_blocked, id=12372, stack(0x0000000018950000,0x0000000018a50000)]
  0x00000000029fe000 JavaThread "main" [_thread_blocked, id=9336, stack(0x0000000002a00000,0x0000000002b00000)]

Other Threads:
  0x00000000177c7000 VMThread [stack: 0x0000000018850000,0x0000000018950000] [id=5364]
  0x0000000019835000 WatcherThread [stack: 0x0000000019cf0000,0x0000000019df0000] [id=11032]

VM state:not at safepoint (normal execution)

VM Mutex/Monitor currently owned by a thread: None

Heap:
 PSYoungGen      total 38400K, used 32424K [0x00000000d5600000, 0x00000000d8080000, 0x0000000100000000)
  eden space 33280K, 82% used [0x00000000d5600000,0x00000000d70e1620,0x00000000d7680000)
  from space 5120K, 95% used [0x00000000d7680000,0x00000000d7b48ae0,0x00000000d7b80000)
  to   space 5120K, 0% used [0x00000000d7b80000,0x00000000d7b80000,0x00000000d8080000)
 ParOldGen       total 87552K, used 4176K [0x0000000080200000, 0x0000000085780000, 0x00000000d5600000)
  object space 87552K, 4% used [0x0000000080200000,0x0000000080614030,0x0000000085780000)
 Metaspace       used 17768K, capacity 18724K, committed 18944K, reserved 1064960K
  class space    used 2498K, capacity 2730K, committed 2816K, reserved 1048576K

Card table byte_map: [0x0000000011fc0000,0x00000000123c0000] byte_map_base: 0x0000000011bbf000

Marking Bits: (ParMarkBitMap*) 0x0000000071eaa5b0
 Begin Bits: [0x0000000012a70000, 0x0000000014a68000)
 End Bits:   [0x0000000014a68000, 0x0000000016a60000)

Polling page: 0x0000000002990000

CodeCache: size=245760Kb used=7788Kb max_used=7798Kb free=237971Kb
 bounds [0x0000000002c00000, 0x00000000033b0000, 0x0000000011c00000]
 total_blobs=3052 nmethods=2416 adapters=556
 compilation: enabled

Compilation events (10 events):
Event: 82.144 Thread 0x0000000017825000 2412       4       java.util.concurrent.atomic.AtomicBoolean::compareAndSet (35 bytes)
Event: 82.145 Thread 0x0000000017825000 nmethod 2412 0x000000000338e650 code [0x000000000338e780, 0x000000000338e7f8]
Event: 86.255 Thread 0x000000001782a000 2413       4       com.sun.javafx.tk.quantum.QuantumToolkit::postPulse (148 bytes)
Event: 86.258 Thread 0x000000001782a000 nmethod 2413 0x000000000339e6d0 code [0x000000000339e840, 0x000000000339ea68]
Event: 86.415 Thread 0x0000000017825000 2414       4       com.sun.javafx.tk.quantum.QuantumToolkit$$Lambda$43/2005457942::run (8 bytes)
Event: 86.418 Thread 0x0000000017825000 nmethod 2414 0x000000000339de90 code [0x000000000339e000, 0x000000000339e2d8]
Event: 96.761 Thread 0x000000001782d800 2415       1       javafx.collections.transformation.FilteredList::size (5 bytes)
Event: 96.761 Thread 0x000000001782d800 nmethod 2415 0x000000000339dbd0 code [0x000000000339dd20, 0x000000000339de30]
Event: 96.761 Thread 0x000000001782d800 2416       1       javafx.collections.transformation.TransformationList::getSource (5 bytes)
Event: 96.761 Thread 0x000000001782d800 nmethod 2416 0x000000000339d910 code [0x000000000339da60, 0x000000000339db70]

GC Heap History (2 events):
Event: 1.075 GC heap before
{Heap before GC invocations=1 (full 0):
 PSYoungGen      total 38400K, used 33280K [0x00000000d5600000, 0x00000000d8080000, 0x0000000100000000)
  eden space 33280K, 100% used [0x00000000d5600000,0x00000000d7680000,0x00000000d7680000)
  from space 5120K, 0% used [0x00000000d7b80000,0x00000000d7b80000,0x00000000d8080000)
  to   space 5120K, 0% used [0x00000000d7680000,0x00000000d7680000,0x00000000d7b80000)
 ParOldGen       total 87552K, used 0K [0x0000000080200000, 0x0000000085780000, 0x00000000d5600000)
  object space 87552K, 0% used [0x0000000080200000,0x0000000080200000,0x0000000085780000)
 Metaspace       used 14949K, capacity 15530K, committed 15744K, reserved 1062912K
  class space    used 2160K, capacity 2331K, committed 2432K, reserved 1048576K
Event: 1.081 GC heap after
Heap after GC invocations=1 (full 0):
 PSYoungGen      total 38400K, used 4898K [0x00000000d5600000, 0x00000000d8080000, 0x0000000100000000)
  eden space 33280K, 0% used [0x00000000d5600000,0x00000000d5600000,0x00000000d7680000)
  from space 5120K, 95% used [0x00000000d7680000,0x00000000d7b48ae0,0x00000000d7b80000)
  to   space 5120K, 0% used [0x00000000d7b80000,0x00000000d7b80000,0x00000000d8080000)
 ParOldGen       total 87552K, used 4176K [0x0000000080200000, 0x0000000085780000, 0x00000000d5600000)
  object space 87552K, 4% used [0x0000000080200000,0x0000000080614030,0x0000000085780000)
 Metaspace       used 14949K, capacity 15530K, committed 15744K, reserved 1062912K
  class space    used 2160K, capacity 2331K, committed 2432K, reserved 1048576K
}

Deoptimization events (10 events):
Event: 3.205 Thread 0x0000000019e1a000 Uncommon trap: reason=predicate action=maybe_recompile pc=0x0000000002edcde0 method=sun.net.www.ParseUtil.encodePath(Ljava/lang/String;Z)Ljava/lang/String; @ 36
Event: 3.282 Thread 0x0000000019e1a000 Uncommon trap: reason=array_check action=maybe_recompile pc=0x00000000031ae640 method=com.sun.javafx.css.SimpleSelector.applies(Ljavafx/css/Styleable;[Ljava/util/Set;I)Z @ 37
Event: 3.282 Thread 0x0000000019e1a000 Uncommon trap: reason=array_check action=maybe_recompile pc=0x00000000031ae640 method=com.sun.javafx.css.SimpleSelector.applies(Ljavafx/css/Styleable;[Ljava/util/Set;I)Z @ 37
Event: 3.282 Thread 0x0000000019e1a000 Uncommon trap: reason=array_check action=maybe_recompile pc=0x00000000031ae640 method=com.sun.javafx.css.SimpleSelector.applies(Ljavafx/css/Styleable;[Ljava/util/Set;I)Z @ 37
Event: 3.282 Thread 0x0000000019e1a000 Uncommon trap: reason=array_check action=maybe_recompile pc=0x00000000031ae640 method=com.sun.javafx.css.SimpleSelector.applies(Ljavafx/css/Styleable;[Ljava/util/Set;I)Z @ 37
Event: 3.349 Thread 0x0000000019e1a000 Uncommon trap: reason=class_check action=maybe_recompile pc=0x0000000003219958 method=javafx.scene.CssStyleHelper.getStyle(Ljavafx/css/Styleable;Ljava/lang/String;Lcom/sun/javafx/css/StyleMap;Ljava/util/Set;)Lcom/sun/javafx/css/CascadingStyle; @ 140
Event: 3.350 Thread 0x0000000019e1a000 Uncommon trap: reason=class_check action=maybe_recompile pc=0x0000000003219958 method=javafx.scene.CssStyleHelper.getStyle(Ljavafx/css/Styleable;Ljava/lang/String;Lcom/sun/javafx/css/StyleMap;Ljava/util/Set;)Lcom/sun/javafx/css/CascadingStyle; @ 140
Event: 3.350 Thread 0x0000000019e1a000 Uncommon trap: reason=class_check action=maybe_recompile pc=0x0000000003219958 method=javafx.scene.CssStyleHelper.getStyle(Ljavafx/css/Styleable;Ljava/lang/String;Lcom/sun/javafx/css/StyleMap;Ljava/util/Set;)Lcom/sun/javafx/css/CascadingStyle; @ 140
Event: 3.362 Thread 0x0000000019e1a000 Uncommon trap: reason=class_check action=maybe_recompile pc=0x0000000003219958 method=javafx.scene.CssStyleHelper.getStyle(Ljavafx/css/Styleable;Ljava/lang/String;Lcom/sun/javafx/css/StyleMap;Ljava/util/Set;)Lcom/sun/javafx/css/CascadingStyle; @ 140
Event: 3.375 Thread 0x0000000019e1a000 Uncommon trap: reason=unstable_if action=reinterpret pc=0x0000000002df4ec0 method=java.lang.CharacterData.of(I)Ljava/lang/CharacterData; @ 4

Internal exceptions (10 events):
Event: 2.938 Thread 0x0000000019e1a000 Implicit null exception at 0x00000000030928dd to 0x0000000003092a2d
Event: 3.194 Thread 0x0000000019e1a000 Exception <a 'java/lang/ArrayIndexOutOfBoundsException'> (0x00000000d6778b10) thrown at [C:\re\workspace\8-2-build-windows-amd64-cygwin\jdk8u60\4407\hotspot\src\share\vm\runtime\sharedRuntime.cpp, line 605]
Event: 3.194 Thread 0x0000000019e1a000 Exception <a 'java/lang/ArrayIndexOutOfBoundsException'> (0x00000000d677ad20) thrown at [C:\re\workspace\8-2-build-windows-amd64-cygwin\jdk8u60\4407\hotspot\src\share\vm\runtime\sharedRuntime.cpp, line 605]
Event: 3.214 Thread 0x0000000019e1a000 Exception <a 'java/io/FileNotFoundException'> (0x00000000d67ce4c0) thrown at [C:\re\workspace\8-2-build-windows-amd64-cygwin\jdk8u60\4407\hotspot\src\share\vm\prims\jni.cpp, line 709]
Event: 3.378 Thread 0x0000000019e1a000 Exception <a 'java/io/FileNotFoundException'> (0x00000000d6d014c0) thrown at [C:\re\workspace\8-2-build-windows-amd64-cygwin\jdk8u60\4407\hotspot\src\share\vm\prims\jni.cpp, line 709]
Event: 3.378 Thread 0x0000000019e1a000 Exception <a 'java/io/FileNotFoundException'> (0x00000000d6d02f98) thrown at [C:\re\workspace\8-2-build-windows-amd64-cygwin\jdk8u60\4407\hotspot\src\share\vm\prims\jni.cpp, line 709]
Event: 3.378 Thread 0x0000000019e1a000 Exception <a 'java/io/FileNotFoundException'> (0x00000000d6d04a30) thrown at [C:\re\workspace\8-2-build-windows-amd64-cygwin\jdk8u60\4407\hotspot\src\share\vm\prims\jni.cpp, line 709]
Event: 3.378 Thread 0x0000000019e1a000 Exception <a 'java/io/FileNotFoundException'> (0x00000000d6d06460) thrown at [C:\re\workspace\8-2-build-windows-amd64-cygwin\jdk8u60\4407\hotspot\src\share\vm\prims\jni.cpp, line 709]
Event: 3.380 Thread 0x0000000019e1a000 Exception <a 'java/io/FileNotFoundException'> (0x00000000d6d0c740) thrown at [C:\re\workspace\8-2-build-windows-amd64-cygwin\jdk8u60\4407\hotspot\src\share\vm\prims\jni.cpp, line 709]
Event: 3.380 Thread 0x0000000019e1a000 Exception <a 'java/io/FileNotFoundException'> (0x00000000d6d0e158) thrown at [C:\re\workspace\8-2-build-windows-amd64-cygwin\jdk8u60\4407\hotspot\src\share\vm\prims\jni.cpp, line 709]

Events (10 events):
Event: 245.458 Executing VM operation: EnterInterpOnlyMode
Event: 245.458 Executing nested VM operation: Deoptimize
Event: 245.459 Executing nested VM operation: Deoptimize done
Event: 245.459 Executing VM operation: EnterInterpOnlyMode done
Event: 245.459 Executing VM operation: ChangeSingleStep
Event: 245.459 Executing VM operation: ChangeSingleStep done
Event: 245.460 Executing VM operation: ChangeSingleStep
Event: 245.460 Executing VM operation: ChangeSingleStep done
Event: 245.477 Executing VM operation: RedefineClasses
Event: 245.492 Executing VM operation: RedefineClasses done


Dynamic libraries:
0x00007ff66c910000 - 0x00007ff66c947000 	C:\Program Files\Java\jdk1.8.0_60\bin\javaw.exe
0x00007ff822d10000 - 0x00007ff822ed1000 	C:\Windows\SYSTEM32\ntdll.dll
0x00007ff821090000 - 0x00007ff82113d000 	C:\Windows\system32\KERNEL32.DLL
0x00007ff81f7e0000 - 0x00007ff81f9bd000 	C:\Windows\system32\KERNELBASE.dll
0x00007ff8209f0000 - 0x00007ff820a96000 	C:\Windows\system32\ADVAPI32.dll
0x00007ff8207c0000 - 0x00007ff82085d000 	C:\Windows\system32\msvcrt.dll
0x00007ff822800000 - 0x00007ff82285b000 	C:\Windows\system32\sechost.dll
0x00007ff821140000 - 0x00007ff821266000 	C:\Windows\system32\RPCRT4.dll
0x00007ff820aa0000 - 0x00007ff820bee000 	C:\Windows\system32\USER32.dll
0x00007ff820860000 - 0x00007ff8209e6000 	C:\Windows\system32\GDI32.dll
0x00007ff81af20000 - 0x00007ff81b194000 	C:\Windows\WinSxS\amd64_microsoft.windows.common-controls_6595b64144ccf1df_6.0.10240.16384_none_f41f7b285750ef43\COMCTL32.dll
0x00007ff8203e0000 - 0x00007ff820416000 	C:\Windows\system32\IMM32.DLL
0x00007ff820f30000 - 0x00007ff82108c000 	C:\Windows\system32\MSCTF.dll
0x0000000073080000 - 0x0000000073152000 	C:\Program Files\Java\jdk1.8.0_60\jre\bin\msvcr100.dll
0x00000000716a0000 - 0x0000000071f29000 	C:\Program Files\Java\jdk1.8.0_60\jre\bin\server\jvm.dll
0x00007ff822d00000 - 0x00007ff822d08000 	C:\Windows\system32\PSAPI.DLL
0x00007ff813310000 - 0x00007ff813319000 	C:\Windows\SYSTEM32\WSOCK32.dll
0x00007ff81b6c0000 - 0x00007ff81b6ca000 	C:\Windows\SYSTEM32\VERSION.dll
0x00007ff81db30000 - 0x00007ff81db53000 	C:\Windows\SYSTEM32\WINMM.dll
0x00007ff822be0000 - 0x00007ff822c49000 	C:\Windows\system32\WS2_32.dll
0x00007ff820430000 - 0x00007ff820438000 	C:\Windows\system32\NSI.dll
0x00007ff81dad0000 - 0x00007ff81dafc000 	C:\Windows\SYSTEM32\WINMMBASE.dll
0x00007ff81fff0000 - 0x00007ff820034000 	C:\Windows\system32\cfgmgr32.dll
0x00007ff81e010000 - 0x00007ff81e037000 	C:\Windows\SYSTEM32\DEVOBJ.dll
0x0000000073070000 - 0x000000007307f000 	C:\Program Files\Java\jdk1.8.0_60\jre\bin\verify.dll
0x0000000073040000 - 0x0000000073069000 	C:\Program Files\Java\jdk1.8.0_60\jre\bin\java.dll
0x0000000071660000 - 0x0000000071695000 	C:\Program Files\Java\jdk1.8.0_60\jre\bin\jdwp.dll
0x0000000072fe0000 - 0x0000000072fe8000 	C:\Program Files\Java\jdk1.8.0_60\jre\bin\npt.dll
0x0000000073020000 - 0x0000000073036000 	C:\Program Files\Java\jdk1.8.0_60\jre\bin\zip.dll
0x00007ff821270000 - 0x00007ff822792000 	C:\Windows\system32\SHELL32.dll
0x00007ff81f9c0000 - 0x00007ff81ffe8000 	C:\Windows\system32\windows.storage.dll
0x00007ff820bf0000 - 0x00007ff820e6c000 	C:\Windows\system32\combase.dll
0x00007ff822b80000 - 0x00007ff822bd1000 	C:\Windows\system32\shlwapi.dll
0x00007ff81f740000 - 0x00007ff81f74f000 	C:\Windows\system32\kernel.appcore.dll
0x00007ff820040000 - 0x00007ff8200f3000 	C:\Windows\system32\shcore.dll
0x00007ff81f750000 - 0x00007ff81f79a000 	C:\Windows\system32\powrprof.dll
0x00007ff81f7a0000 - 0x00007ff81f7b3000 	C:\Windows\system32\profapi.dll
0x0000000071650000 - 0x0000000071659000 	C:\Program Files\Java\jdk1.8.0_60\jre\bin\dt_socket.dll
0x00007ff813440000 - 0x00007ff813455000 	C:\Windows\system32\napinsp.dll
0x00007ff813420000 - 0x00007ff81343a000 	C:\Windows\system32\pnrpnsp.dll
0x00007ff819dc0000 - 0x00007ff819dd8000 	C:\Windows\system32\NLAapi.dll
0x00007ff81ef80000 - 0x00007ff81efdd000 	C:\Windows\System32\mswsock.dll
0x00007ff81ecc0000 - 0x00007ff81ed68000 	C:\Windows\SYSTEM32\DNSAPI.dll
0x00007ff815970000 - 0x00007ff81597d000 	C:\Windows\System32\winrnr.dll
0x0000000073160000 - 0x0000000073186000 	C:\Program Files\Bonjour\mdnsNSP.dll
0x00007ff81d550000 - 0x00007ff81d588000 	C:\Windows\SYSTEM32\Iphlpapi.DLL
0x00007ff81d360000 - 0x00007ff81d36b000 	C:\Windows\SYSTEM32\WINNSI.DLL
0x00007ff819200000 - 0x00007ff819268000 	C:\Windows\System32\fwpuclnt.dll
0x00007ff81f670000 - 0x00007ff81f698000 	C:\Windows\SYSTEM32\bcrypt.dll
0x00007ff816b90000 - 0x00007ff816b9a000 	C:\Windows\System32\rasadhlp.dll
0x00007ff80ca60000 - 0x00007ff80cb4f000 	C:\Program Files\Java\jdk1.8.0_60\jre\bin\msvcr120.dll
0x00007ff80e560000 - 0x00007ff80e606000 	C:\Program Files\Java\jdk1.8.0_60\jre\bin\msvcp120.dll
0x0000000071620000 - 0x0000000071643000 	C:\Program Files\Java\jdk1.8.0_60\jre\bin\prism_d3d.dll
0x00007ff809e30000 - 0x00007ff80a040000 	C:\Windows\system32\d3d9.dll
0x00007ff81d230000 - 0x00007ff81d252000 	C:\Windows\SYSTEM32\dwmapi.dll
0x00007ff81e040000 - 0x00007ff81e0d6000 	C:\Windows\system32\uxtheme.dll
0x00007ffff12c0000 - 0x00007ffff21d6000 	C:\Windows\SYSTEM32\nvd3dumx.dll
0x0000000180000000 - 0x00000001801a7000 	C:\Windows\system32\nvspcap64.dll
0x00007ff822a30000 - 0x00007ff822b71000 	C:\Windows\system32\ole32.dll
0x00007ff820e70000 - 0x00007ff820f2e000 	C:\Windows\system32\OLEAUT32.dll
0x00007ff820440000 - 0x00007ff820605000 	C:\Windows\system32\SETUPAPI.dll
0x00007ff81caf0000 - 0x00007ff81cbc6000 	C:\Windows\SYSTEM32\WINHTTP.dll
0x00007ff81ab50000 - 0x00007ff81aee0000 	C:\Windows\system32\nvapi64.dll
0x00007ff81c9c0000 - 0x00007ff81ca5c000 	C:\Windows\SYSTEM32\dxgi.dll
0x00007ff81f360000 - 0x00007ff81f38c000 	C:\Windows\SYSTEM32\SspiCli.dll
0x00000000715d0000 - 0x0000000071613000 	C:\Program Files\Java\jdk1.8.0_60\jre\bin\glass.dll
0x00007ff8206e0000 - 0x00007ff8207b7000 	C:\Windows\system32\COMDLG32.dll
0x00007ff81f560000 - 0x00007ff81f5cb000 	C:\Windows\SYSTEM32\bcryptPrimitives.dll
0x00007ff819c60000 - 0x00007ff819d40000 	C:\Program Files (x86)\NVIDIA Corporation\3D Vision\nvSCPAPI64.dll
0x00000000715b0000 - 0x00000000715c4000 	C:\Program Files\Java\jdk1.8.0_60\jre\bin\javafx_font.dll
0x00007ff810900000 - 0x00007ff810b59000 	C:\Windows\SYSTEM32\dwrite.dll
0x00007ff822c50000 - 0x00007ff822cf5000 	C:\Windows\system32\clbcatq.dll
0x00007ff817de0000 - 0x00007ff817f92000 	C:\Windows\SYSTEM32\WindowsCodecs.dll
0x00007ff81efe0000 - 0x00007ff81eff7000 	C:\Windows\SYSTEM32\cryptsp.dll
0x00007ff81ec40000 - 0x00007ff81ec73000 	C:\Windows\system32\rsaenh.dll
0x00007ff81f180000 - 0x00007ff81f18b000 	C:\Windows\SYSTEM32\CRYPTBASE.dll
0x00007ff80e3d0000 - 0x00007ff80e416000 	C:\Windows\system32\dataexchange.dll
0x00007ff81d810000 - 0x00007ff81d8e1000 	C:\Windows\system32\dcomp.dll
0x00007ff817fa0000 - 0x00007ff8184e5000 	C:\Windows\system32\d2d1.dll
0x00007ff81cbd0000 - 0x00007ff81ce73000 	C:\Windows\system32\d3d11.dll
0x00007ff81e100000 - 0x00007ff81e1ee000 	C:\Windows\system32\twinapi.appcore.dll
0x00007ff81f000000 - 0x00007ff81f01f000 	C:\Windows\system32\USERENV.dll
0x00007ff810f90000 - 0x00007ff810fc4000 	C:\Program Files\Common Files\Microsoft Shared\Ink\rtscom.dll
0x0000000071590000 - 0x00000000715a1000 	C:\Program Files\Java\jdk1.8.0_60\jre\bin\prism_common.dll
0x00007ff817c40000 - 0x00007ff817c6f000 	C:\Windows\SYSTEM32\edputil.dll
0x00007ff8170d0000 - 0x00007ff817446000 	C:\Windows\SYSTEM32\iertutil.dll
0x00007ff817ca0000 - 0x00007ff817dd1000 	C:\Windows\SYSTEM32\wintypes.dll
0x00007ff8178e0000 - 0x00007ff817919000 	C:\Windows\SYSTEM32\policymanager.dll
0x00007ff817840000 - 0x00007ff8178d2000 	C:\Windows\SYSTEM32\msvcp110_win.dll
0x00007ff817800000 - 0x00007ff817836000 	C:\Windows\SYSTEM32\XmlLite.dll
0x0000000073000000 - 0x000000007301a000 	C:\Program Files\Java\jdk1.8.0_60\jre\bin\net.dll
0x00007ff81a010000 - 0x00007ff81a19a000 	C:\Windows\SYSTEM32\dbghelp.dll

VM Arguments:
jvm_args: -agentlib:jdwp=transport=dt_socket,suspend=y,address=localhost:40487 -Dfile.encoding=Cp1252 
java_command: ca.mkp.connect4.ui.main.Main
java_class_path (initial): C:\Users\kitte\git\MKP-Connect4\Connect4Client\bin;C:\eclipse\plugins\org.eclipse.fx.ide.css.jfx8_2.0.0.201506111511.jar;C:\Users\kitte\git\MKP-Connect4\Connect4Common\bin
Launcher Type: SUN_STANDARD

Environment Variables:
JAVA_HOME=C:\Program Files\Java\jdk1.8.0_60
PATH=C:\Program Files\Java\jdk1.8.0_60\jre\bin;C:/Program Files/Java/jre1.8.0_65/bin/server;C:/Program Files/Java/jre1.8.0_65/bin;C:/Program Files/Java/jre1.8.0_65/lib/amd64;C:\Program Files (x86)\Python 3.5\Scripts\;C:\Program Files (x86)\Python 3.5\;C:\Program Files\MySQL\MySQL Server 5.6\bin;C:\Program Files\Java\jdk1.8.0_60;C:\ProgramData\Oracle\Java\javapath;C:\Windows\system32;C:\Windows;C:\Windows\System32\Wbem;C:\Windows\System32\WindowsPowerShell\v1.0\;C:\Program Files (x86)\Skype\Phone\;C:\Program Files (x86)\NVIDIA Corporation\PhysX\Common;C:\Windows\system32\config\systemprofile\.dnx\bin;C:\Program Files\Microsoft DNX\Dnvm\;C:\Program Files\Microsoft SQL Server\120\Tools\Binn\;C:\Program Files (x86)\Windows Kits\10\Windows Performance Toolkit\;C:\Program Files (x86)\MySQL\MySQL Fabric 1.5 & MySQL Utilities 1.5\;C:\Program Files (x86)\MySQL\MySQL Fabric 1.5 & MySQL Utilities 1.5\Doctrine extensions for PHP\;C:\Program Files (x86)\CMake\bin;C:\eclipse;
USERNAME=kitte
OS=Windows_NT
PROCESSOR_IDENTIFIER=Intel64 Family 6 Model 30 Stepping 5, GenuineIntel



---------------  S Y S T E M  ---------------

OS: Windows 10.0 , 64 bit Build 10240 (10.0.10240.16384)

CPU:total 4 (4 cores per cpu, 1 threads per core) family 6 model 30 stepping 5, cmov, cx8, fxsr, mmx, sse, sse2, sse3, ssse3, sse4.1, sse4.2, popcnt, tsc, tscinvbit

Memory: 4k page, physical 8379444k(3695420k free), swap 9690164k(1991800k free)

vm_info: Java HotSpot(TM) 64-Bit Server VM (25.60-b23) for windows-amd64 JRE (1.8.0_60-b27), built on Aug  4 2015 11:06:27 by "java_re" with MS VC++ 10.0 (VS2010)

time: Sat Oct 31 09:55:43 2015
elapsed time: 245 seconds (0d 0h 4m 5s)

